[2025-05-18 07:53:07 +0800] [36101] [INFO] Starting gunicorn 23.0.0
[2025-05-18 07:53:07 +0800] [36101] [INFO] Listening at: http://0.0.0.0:8080 (36101)
[2025-05-18 07:53:07 +0800] [36101] [INFO] Using worker: sync
[2025-05-18 07:53:07 +0800] [36157] [INFO] Booting worker with pid: 36157
[2025-05-18 07:53:07 +0800] [36158] [INFO] Booting worker with pid: 36158
[2025-05-18 07:53:07 +0800] [36159] [INFO] Booting worker with pid: 36159
[2025-05-18 07:53:07 +0800] [36160] [INFO] Booting worker with pid: 36160
2025-05-18 07:53:08,632 - app - INFO - 模型加载成功
2025-05-18 07:53:08,632 - app - INFO - 模型加载成功
2025-05-18 07:53:08,632 - app - INFO - 模型加载成功
2025-05-18 07:53:08,632 - app - INFO - 模型加载成功
2025-05-18 08:11:55,656 - app - INFO - 收到预测请求
2025-05-18 08:11:55,663 - app - INFO - 接收的数据: {'features': [0, 0, 0, 0, 0, 0, 0, 0, 0, 0, 0, 0, 0, 0, 0, 0, 0, 0, 0, 0, 0, 0, 0, 0, 0, 0, 0, 0, 0, 0, 0, 0, 0, 0, 0, 0]}
2025-05-18 08:11:55,663 - app - INFO - 特征数据已接收，准备预测
2025-05-18 08:11:55,664 - heamy.estimator - INFO - Loading LogisticRegression(645a05dd91a95a5dc7bbb040fb8faa02)'s prediction from cache.
2025-05-18 08:11:55,675 - app - INFO - 获取到预测结果: 0.0008145727411452962
2025-05-18 08:11:55,676 - app - INFO - 置信度: 0.9991854272588547
2025-05-18 08:11:55,676 - app - INFO - 发送响应: {'prediction': 'Not Scam', 'is_scam': 0, 'confidence': 0.9991854272588547}
2025-05-18 08:12:00,665 - app - INFO - 收到预测请求
2025-05-18 08:12:00,666 - app - INFO - 接收的数据: {'features': [0, 0, 0, 0, 0, 0, 0, 0, 0, 0, 0, 0, 0, 0, 0, 0, 0, 0, 0, 0, 0, 0, 0, 0, 0, 0, 0, 0, 0, 0, 0, 0, 0, 0, 0, 0]}
2025-05-18 08:12:00,666 - app - INFO - 特征数据已接收，准备预测
2025-05-18 08:12:00,667 - heamy.estimator - INFO - Loading LogisticRegression(645a05dd91a95a5dc7bbb040fb8faa02)'s prediction from cache.
2025-05-18 08:12:00,668 - app - INFO - 获取到预测结果: 0.0008145727411452962
2025-05-18 08:12:00,668 - app - INFO - 置信度: 0.9991854272588547
2025-05-18 08:12:00,669 - app - INFO - 发送响应: {'prediction': 'Not Scam', 'is_scam': 0, 'confidence': 0.9991854272588547}
2025-05-18 08:12:16,976 - app - INFO - 收到预测请求
2025-05-18 08:12:16,978 - app - INFO - 接收的数据: {'features': [2.5, 0.8, 5, 15, 1, 1, 0.9, 0.8, 0.9, 1, 5, 4, 0.4, 0.1, 0.95, 10, 0.1, 1, 5, 0.05, 800, 0.8, 3, 20, 5000, 0.9, 0.8, 0.1, 8, 1, 0.9, 5, 7, 0.9, 0.1, 1]}
2025-05-18 08:12:16,979 - app - INFO - 特征数据已接收，准备预测
2025-05-18 08:12:16,980 - heamy.estimator - INFO - Loading LogisticRegression(645a05dd91a95a5dc7bbb040fb8faa02)'s prediction from cache.
2025-05-18 08:12:16,982 - app - INFO - 获取到预测结果: 0.0008145727411452962
2025-05-18 08:12:16,982 - app - INFO - 置信度: 0.9991854272588547
2025-05-18 08:12:16,982 - app - INFO - 发送响应: {'prediction': 'Not Scam', 'is_scam': 0, 'confidence': 0.9991854272588547}
2025-05-18 08:12:29,704 - app - INFO - 收到预测请求
2025-05-18 08:12:29,707 - app - INFO - 接收的数据: {'features': [2.5, 0.8, 5, 15, 1, 1, 0.9, 0.8, 0.9, 1, 5, 4, 0.4, 0.1, 0.95, 10, 0.1, 1, 5, 0.05, 800, 0.8, 3, 20, 5000, 0.9, 0.8, 0.1, 8, 1, 0.9, 5, 7, 0.9, 0.1, 1]}
2025-05-18 08:12:29,708 - app - INFO - 特征数据已接收，准备预测
2025-05-18 08:12:29,711 - heamy.estimator - INFO - Loading LogisticRegression(645a05dd91a95a5dc7bbb040fb8faa02)'s prediction from cache.
2025-05-18 08:12:29,717 - app - INFO - 获取到预测结果: 0.0008145727411452962
2025-05-18 08:12:29,718 - app - INFO - 置信度: 0.9991854272588547
2025-05-18 08:12:29,718 - app - INFO - 发送响应: {'prediction': 'Not Scam', 'is_scam': 0, 'confidence': 0.9991854272588547}
2025-05-18 08:12:50,269 - app - INFO - 收到预测请求
2025-05-18 08:12:50,278 - app - INFO - 接收的数据: {'features': [0, 0, 0, 0, 0, 0, 0, 0, 0, 0, 0, 0, 0, 0, 0, 0, 0, 0, 0, 0, 0, 0, 0, 0, 0, 0, 0, 0, 0, 0, 0, 0, 0, 0, 0, 0]}
2025-05-18 08:12:50,280 - app - INFO - 特征数据已接收，准备预测
2025-05-18 08:12:50,281 - heamy.estimator - INFO - Loading LogisticRegression(645a05dd91a95a5dc7bbb040fb8faa02)'s prediction from cache.
2025-05-18 08:12:50,285 - app - INFO - 获取到预测结果: 0.0008145727411452962
2025-05-18 08:12:50,285 - app - INFO - 置信度: 0.9991854272588547
2025-05-18 08:12:50,285 - app - INFO - 发送响应: {'prediction': 'Not Scam', 'is_scam': 0, 'confidence': 0.9991854272588547}
2025-05-18 08:13:49,543 - app - INFO - 收到预测请求
2025-05-18 08:13:49,545 - app - INFO - 接收的数据: {'features': [0, 0, 0, 0, 0, 0, 0, 0, 0, 0, 0, 0, 0, 0, 0, 0, 0, 0, 0, 0, 0, 0, 0, 0, 0, 0, 0, 0, 0, 0, 0, 0, 0, 0, 0, 0]}
2025-05-18 08:13:49,545 - app - INFO - 特征数据已接收，准备预测
2025-05-18 08:13:49,546 - heamy.estimator - INFO - Loading LogisticRegression(645a05dd91a95a5dc7bbb040fb8faa02)'s prediction from cache.
2025-05-18 08:13:49,550 - app - INFO - 获取到预测结果: 0.0008145727411452962
2025-05-18 08:13:49,550 - app - INFO - 置信度: 0.9991854272588547
2025-05-18 08:13:49,550 - app - INFO - 发送响应: {'prediction': 'Not Scam', 'is_scam': 0, 'confidence': 0.9991854272588547}
2025-05-18 08:13:56,332 - app - INFO - 收到预测请求
2025-05-18 08:13:56,334 - app - INFO - 接收的数据: {'features': [0, 0, 0, 0, 0, 0, 0, 0, 0, 0, 0, 0, 0, 0, 0, 0, 0, 0, 0, 0, 0, 0, 0, 0, 0, 0, 0, 0, 0, 0, 0, 0, 0, 0, 0, 0]}
2025-05-18 08:13:56,340 - app - INFO - 特征数据已接收，准备预测
2025-05-18 08:13:56,342 - heamy.estimator - INFO - Loading LogisticRegression(645a05dd91a95a5dc7bbb040fb8faa02)'s prediction from cache.
2025-05-18 08:13:56,344 - app - INFO - 获取到预测结果: 0.0008145727411452962
2025-05-18 08:13:56,345 - app - INFO - 置信度: 0.9991854272588547
2025-05-18 08:13:56,345 - app - INFO - 发送响应: {'prediction': 'Not Scam', 'is_scam': 0, 'confidence': 0.9991854272588547}
2025-05-18 08:15:58,983 - app - INFO - 收到预测请求
2025-05-18 08:15:58,985 - app - INFO - 接收的数据: {'features': [0, 0, 0, 0, 0, 0, 0, 0, 0, 0, 0, 0, 0, 0, 0, 0, 0, 0, 0, 0, 0, 0, 0, 0, 0, 0, 0, 0, 0, 0, 0, 0, 0, 0, 0, 0]}
2025-05-18 08:15:58,986 - app - INFO - 特征数据已接收，准备预测
2025-05-18 08:15:58,987 - heamy.estimator - INFO - Loading LogisticRegression(645a05dd91a95a5dc7bbb040fb8faa02)'s prediction from cache.
2025-05-18 08:15:58,990 - app - INFO - 获取到预测结果: 0.0008145727411452962
2025-05-18 08:15:58,991 - app - INFO - 置信度: 0.9991854272588547
2025-05-18 08:15:58,991 - app - INFO - 发送响应: {'prediction': 'Not Scam', 'is_scam': 0, 'confidence': 0.9991854272588547}
2025-05-18 08:17:14,331 - app - INFO - 收到预测请求
2025-05-18 08:17:14,333 - app - INFO - 接收的数据: {'features': [0, 0, 0, 0, 0, 0, 0, 0, 0, 0, 0, 0, 0, 0, 0, 0, 0, 0, 0, 0, 0, 0, 0, 0, 0, 0, 0, 0, 0, 0, 0, 0, 0, 0, 0, 0]}
2025-05-18 08:17:14,333 - app - INFO - 特征数据已接收，准备预测
2025-05-18 08:17:14,333 - heamy.estimator - INFO - Loading LogisticRegression(645a05dd91a95a5dc7bbb040fb8faa02)'s prediction from cache.
2025-05-18 08:17:14,334 - app - INFO - 获取到预测结果: 0.0008145727411452962
2025-05-18 08:17:14,334 - app - INFO - 置信度: 0.9991854272588547
2025-05-18 08:17:14,334 - app - INFO - 发送响应: {'prediction': 'Not Scam', 'is_scam': 0, 'confidence': 0.9991854272588547}
2025-05-18 08:17:43,544 - app - INFO - 收到预测请求
2025-05-18 08:17:43,545 - app - INFO - 接收的数据: {'features': [0, 0, 0, 0, 0, 0, 0, 0, 0, 0, 0, 0, 0, 0, 0, 0, 0, 0, 0, 0, 0, 0, 0, 0, 0, 0, 0, 0, 0, 0, 0, 0, 0, 0, 0, 0]}
2025-05-18 08:17:43,546 - app - INFO - 特征数据已接收，准备预测
2025-05-18 08:17:43,546 - heamy.estimator - INFO - Loading LogisticRegression(645a05dd91a95a5dc7bbb040fb8faa02)'s prediction from cache.
2025-05-18 08:17:43,549 - app - INFO - 获取到预测结果: 0.0008145727411452962
2025-05-18 08:17:43,550 - app - INFO - 置信度: 0.9991854272588547
2025-05-18 08:17:43,550 - app - INFO - 发送响应: {'prediction': 'Not Scam', 'is_scam': 0, 'confidence': 0.9991854272588547}
2025-05-18 08:19:36,055 - app - INFO - 收到预测请求
2025-05-18 08:19:36,057 - app - INFO - 接收的数据: {'features': [0, 0, 0, 0, 0, 0, 0, 0, 0, 0, 0, 0, 0, 0, 0, 0, 0, 0, 0, 0, 0, 0, 0, 0, 0, 0, 0, 0, 0, 0, 0, 0, 0, 0, 0, 0]}
2025-05-18 08:19:36,058 - app - INFO - 特征数据已接收，准备预测
2025-05-18 08:19:36,059 - heamy.estimator - INFO - Loading LogisticRegression(645a05dd91a95a5dc7bbb040fb8faa02)'s prediction from cache.
2025-05-18 08:19:36,061 - app - INFO - 获取到预测结果: 0.0008145727411452962
2025-05-18 08:19:36,061 - app - INFO - 置信度: 0.9991854272588547
2025-05-18 08:19:36,062 - app - INFO - 发送响应: {'prediction': 'Not Scam', 'is_scam': 0, 'confidence': 0.9991854272588547}
2025-05-18 08:20:41,928 - app - INFO - 收到预测请求
2025-05-18 08:20:41,931 - app - INFO - 接收的数据: {'features': [0, 0, 0, 0, 0, 0, 0, 0, 0, 0, 0, 0, 0, 0, 0, 0, 0, 0, 0, 0, 0, 0, 0, 0, 0, 0, 0, 0, 0, 0, 0, 0, 0, 0, 0, 0]}
2025-05-18 08:20:41,932 - app - INFO - 特征数据已接收，准备预测
2025-05-18 08:20:41,936 - heamy.estimator - INFO - Loading LogisticRegression(645a05dd91a95a5dc7bbb040fb8faa02)'s prediction from cache.
2025-05-18 08:20:41,944 - app - INFO - 获取到预测结果: 0.0008145727411452962
2025-05-18 08:20:41,944 - app - INFO - 置信度: 0.9991854272588547
2025-05-18 08:20:41,944 - app - INFO - 发送响应: {'prediction': 'Not Scam', 'is_scam': 0, 'confidence': 0.9991854272588547}
2025-05-18 08:21:51,604 - app - INFO - 收到预测请求
2025-05-18 08:21:51,606 - app - INFO - 接收的数据: {'features': [0, 0, 0, 0, 0, 0, 0, 0, 0, 0, 0, 0, 0, 0, 0, 0, 0, 0, 0, 0, 0, 0, 0, 0, 0, 0, 0, 0, 0, 0, 0, 0, 0, 0, 0, 0]}
2025-05-18 08:21:51,607 - app - INFO - 特征数据已接收，准备预测
2025-05-18 08:21:51,607 - heamy.estimator - INFO - Loading LogisticRegression(645a05dd91a95a5dc7bbb040fb8faa02)'s prediction from cache.
2025-05-18 08:21:51,608 - app - INFO - 获取到预测结果: 0.0008145727411452962
2025-05-18 08:21:51,608 - app - INFO - 置信度: 0.9991854272588547
2025-05-18 08:21:51,609 - app - INFO - 发送响应: {'prediction': 'Not Scam', 'is_scam': 0, 'confidence': 0.9991854272588547}
2025-05-18 08:22:23,008 - app - INFO - 收到预测请求
2025-05-18 08:22:23,010 - app - INFO - 接收的数据: {'features': [0, 0, 0, 0, 0, 0, 0, 0, 0, 0, 0, 0, 0, 0, 0, 0, 0, 0, 0, 0, 0, 0, 0, 0, 0, 0, 0, 0, 0, 0, 0, 0, 0, 0, 0, 0]}
2025-05-18 08:22:23,010 - app - INFO - 特征数据已接收，准备预测
2025-05-18 08:22:23,011 - heamy.estimator - INFO - Loading LogisticRegression(645a05dd91a95a5dc7bbb040fb8faa02)'s prediction from cache.
2025-05-18 08:22:23,014 - app - INFO - 获取到预测结果: 0.0008145727411452962
2025-05-18 08:22:23,015 - app - INFO - 置信度: 0.9991854272588547
2025-05-18 08:22:23,016 - app - INFO - 发送响应: {'prediction': 'Not Scam', 'is_scam': 0, 'confidence': 0.9991854272588547}
2025-05-18 08:22:27,341 - app - INFO - 收到预测请求
2025-05-18 08:22:27,342 - app - INFO - 接收的数据: {'features': [0, 0, 0, 0, 0, 0, 0, 0, 0, 0, 0, 0, 0, 0, 0, 0, 0, 0, 0, 0, 0, 0, 0, 0, 0, 0, 0, 0, 0, 0, 0, 0, 0, 0, 0, 0]}
2025-05-18 08:22:27,343 - app - INFO - 特征数据已接收，准备预测
2025-05-18 08:22:27,344 - heamy.estimator - INFO - Loading LogisticRegression(645a05dd91a95a5dc7bbb040fb8faa02)'s prediction from cache.
2025-05-18 08:22:27,348 - app - INFO - 获取到预测结果: 0.0008145727411452962
2025-05-18 08:22:27,349 - app - INFO - 置信度: 0.9991854272588547
2025-05-18 08:22:27,350 - app - INFO - 发送响应: {'prediction': 'Not Scam', 'is_scam': 0, 'confidence': 0.9991854272588547}
2025-05-18 08:22:40,210 - app - INFO - 收到预测请求
2025-05-18 08:22:40,218 - app - INFO - 接收的数据: {'features': [0, 0, 0, 0, 0, 0, 0, 0, 0, 0, 0, 0, 0, 0, 0, 0, 0, 0, 0, 0, 0, 0, 0, 0, 0, 0, 0, 0, 0, 0, 0, 0, 0, 0, 0, 0]}
2025-05-18 08:22:40,219 - app - INFO - 特征数据已接收，准备预测
2025-05-18 08:22:40,223 - heamy.estimator - INFO - Loading LogisticRegression(645a05dd91a95a5dc7bbb040fb8faa02)'s prediction from cache.
2025-05-18 08:22:40,226 - app - INFO - 获取到预测结果: 0.0008145727411452962
2025-05-18 08:22:40,227 - app - INFO - 置信度: 0.9991854272588547
2025-05-18 08:22:40,228 - app - INFO - 发送响应: {'prediction': 'Not Scam', 'is_scam': 0, 'confidence': 0.9991854272588547}
2025-05-18 08:23:16,068 - app - INFO - 收到预测请求
2025-05-18 08:23:16,070 - app - INFO - 接收的数据: {'features': [0, 0, 0, 0, 0, 0, 0, 0, 0, 0, 0, 0, 0, 0, 0, 0, 0, 0, 0, 0, 0, 0, 0, 0, 0, 0, 0, 0, 0, 0, 0, 0, 0, 0, 0, 0]}
2025-05-18 08:23:16,071 - app - INFO - 特征数据已接收，准备预测
2025-05-18 08:23:16,072 - heamy.estimator - INFO - Loading LogisticRegression(645a05dd91a95a5dc7bbb040fb8faa02)'s prediction from cache.
2025-05-18 08:23:16,078 - app - INFO - 获取到预测结果: 0.0008145727411452962
2025-05-18 08:23:16,079 - app - INFO - 置信度: 0.9991854272588547
2025-05-18 08:23:16,080 - app - INFO - 发送响应: {'prediction': 'Not Scam', 'is_scam': 0, 'confidence': 0.9991854272588547}
2025-05-18 08:24:48,268 - app - INFO - 收到预测请求
2025-05-18 08:24:48,270 - app - INFO - 接收的数据: {'features': [0, 0, 0, 0, 0, 0, 0, 0, 0, 0, 0, 0, 0, 0, 0, 0, 0, 0, 0, 0, 0, 0, 0, 0, 0, 0, 0, 0, 0, 0, 0, 0, 0, 0, 0, 0]}
2025-05-18 08:24:48,271 - app - INFO - 特征数据已接收，准备预测
2025-05-18 08:24:48,272 - heamy.estimator - INFO - Loading LogisticRegression(645a05dd91a95a5dc7bbb040fb8faa02)'s prediction from cache.
2025-05-18 08:24:48,283 - app - INFO - 获取到预测结果: 0.0008145727411452962
2025-05-18 08:24:48,283 - app - INFO - 置信度: 0.9991854272588547
2025-05-18 08:24:48,284 - app - INFO - 发送响应: {'prediction': 'Not Scam', 'is_scam': 0, 'confidence': 0.9991854272588547}
2025-05-18 08:25:02,083 - app - INFO - 收到预测请求
2025-05-18 08:25:02,084 - app - INFO - 接收的数据: {'features': [0, 0, 0, 0, 0, 0, 0, 0, 0, 0, 0, 0, 0, 0, 0, 0, 0, 0, 0, 0, 0, 0, 0, 0, 0, 0, 0, 0, 0, 0, 0, 0, 0, 0, 0, 0]}
2025-05-18 08:25:02,084 - app - INFO - 特征数据已接收，准备预测
2025-05-18 08:25:02,085 - heamy.estimator - INFO - Loading LogisticRegression(645a05dd91a95a5dc7bbb040fb8faa02)'s prediction from cache.
2025-05-18 08:25:02,086 - app - INFO - 获取到预测结果: 0.0008145727411452962
2025-05-18 08:25:02,086 - app - INFO - 置信度: 0.9991854272588547
2025-05-18 08:25:02,086 - app - INFO - 发送响应: {'prediction': 'Not Scam', 'is_scam': 0, 'confidence': 0.9991854272588547}
2025-05-18 08:25:23,904 - app - INFO - 收到预测请求
2025-05-18 08:25:23,907 - app - INFO - 接收的数据: {'features': [0, 0, 0, 0, 0, 0, 0, 0, 0, 0, 0, 0, 0, 0, 0, 0, 0, 0, 0, 0, 0, 0, 0, 0, 0, 0, 0, 0, 0, 0, 0, 0, 0, 0, 0, 0]}
2025-05-18 08:25:23,907 - app - INFO - 特征数据已接收，准备预测
2025-05-18 08:25:23,909 - heamy.estimator - INFO - Loading LogisticRegression(645a05dd91a95a5dc7bbb040fb8faa02)'s prediction from cache.
2025-05-18 08:25:23,912 - app - INFO - 获取到预测结果: 0.0008145727411452962
2025-05-18 08:25:23,912 - app - INFO - 置信度: 0.9991854272588547
2025-05-18 08:25:23,913 - app - INFO - 发送响应: {'prediction': 'Not Scam', 'is_scam': 0, 'confidence': 0.9991854272588547}
2025-05-18 08:25:26,569 - app - INFO - 收到预测请求
2025-05-18 08:25:26,570 - app - INFO - 接收的数据: {'features': [0, 0, 0, 0, 0, 0, 0, 0, 0, 0, 0, 0, 0, 0, 0, 0, 0, 0, 0, 0, 0, 0, 0, 0, 0, 0, 0, 0, 0, 0, 0, 0, 0, 0, 0, 0]}
2025-05-18 08:25:26,570 - app - INFO - 特征数据已接收，准备预测
2025-05-18 08:25:26,571 - heamy.estimator - INFO - Loading LogisticRegression(645a05dd91a95a5dc7bbb040fb8faa02)'s prediction from cache.
2025-05-18 08:25:26,573 - app - INFO - 获取到预测结果: 0.0008145727411452962
2025-05-18 08:25:26,573 - app - INFO - 置信度: 0.9991854272588547
2025-05-18 08:25:26,574 - app - INFO - 发送响应: {'prediction': 'Not Scam', 'is_scam': 0, 'confidence': 0.9991854272588547}
2025-05-18 08:25:45,933 - app - INFO - 收到预测请求
2025-05-18 08:25:45,935 - app - INFO - 接收的数据: {'features': [0, 0, 0, 0, 0, 0, 0, 0, 0, 0, 0, 0, 0, 0, 0, 0, 0, 0, 0, 0, 0, 0, 0, 0, 0, 0, 0, 0, 0, 0, 0, 0, 0, 0, 0, 0]}
2025-05-18 08:25:45,936 - app - INFO - 特征数据已接收，准备预测
2025-05-18 08:25:45,937 - heamy.estimator - INFO - Loading LogisticRegression(645a05dd91a95a5dc7bbb040fb8faa02)'s prediction from cache.
2025-05-18 08:25:45,940 - app - INFO - 获取到预测结果: 0.0008145727411452962
2025-05-18 08:25:45,941 - app - INFO - 置信度: 0.9991854272588547
2025-05-18 08:25:45,941 - app - INFO - 发送响应: {'prediction': 'Not Scam', 'is_scam': 0, 'confidence': 0.9991854272588547}
2025-05-18 08:26:05,984 - app - INFO - 收到预测请求
2025-05-18 08:26:05,986 - app - INFO - 接收的数据: {'features': [0, 0, 0, 0, 0, 0, 0, 0, 0, 0, 0, 0, 0, 0, 0, 0, 0, 0, 0, 0, 0, 0, 0, 0, 0, 0, 0, 0, 0, 0, 0, 0, 0, 0, 0, 0]}
2025-05-18 08:26:05,986 - app - INFO - 特征数据已接收，准备预测
2025-05-18 08:26:05,987 - heamy.estimator - INFO - Loading LogisticRegression(645a05dd91a95a5dc7bbb040fb8faa02)'s prediction from cache.
2025-05-18 08:26:05,989 - app - INFO - 获取到预测结果: 0.0008145727411452962
2025-05-18 08:26:05,990 - app - INFO - 置信度: 0.9991854272588547
2025-05-18 08:26:05,990 - app - INFO - 发送响应: {'prediction': 'Not Scam', 'is_scam': 0, 'confidence': 0.9991854272588547}
2025-05-18 08:27:12,800 - app - INFO - 收到预测请求
2025-05-18 08:27:12,802 - app - INFO - 接收的数据: {'features': [0, 0, 0, 0, 0, 0, 0, 0, 0, 0, 0, 0, 0, 0, 0, 0, 0, 0, 0, 0, 0, 0, 0, 0, 0, 0, 0, 0, 0, 0, 0, 0, 0, 0, 0, 0]}
2025-05-18 08:27:12,802 - app - INFO - 特征数据已接收，准备预测
2025-05-18 08:27:12,802 - heamy.estimator - INFO - Loading LogisticRegression(645a05dd91a95a5dc7bbb040fb8faa02)'s prediction from cache.
2025-05-18 08:27:12,804 - app - INFO - 获取到预测结果: 0.0008145727411452962
2025-05-18 08:27:12,805 - app - INFO - 置信度: 0.9991854272588547
2025-05-18 08:27:12,805 - app - INFO - 发送响应: {'prediction': 'Not Scam', 'is_scam': 0, 'confidence': 0.9991854272588547}
2025-05-18 08:27:17,219 - app - INFO - 收到预测请求
2025-05-18 08:27:17,220 - app - INFO - 接收的数据: {'features': [0, 0, 0, 0, 0, 0, 0, 0, 0, 0, 0, 0, 0, 0, 0, 0, 0, 0, 0, 0, 0, 0, 0, 0, 0, 0, 0, 0, 0, 0, 0, 0, 0, 0, 0, 0]}
2025-05-18 08:27:17,220 - app - INFO - 特征数据已接收，准备预测
2025-05-18 08:27:17,220 - heamy.estimator - INFO - Loading LogisticRegression(645a05dd91a95a5dc7bbb040fb8faa02)'s prediction from cache.
2025-05-18 08:27:17,221 - app - INFO - 获取到预测结果: 0.0008145727411452962
2025-05-18 08:27:17,221 - app - INFO - 置信度: 0.9991854272588547
2025-05-18 08:27:17,221 - app - INFO - 发送响应: {'prediction': 'Not Scam', 'is_scam': 0, 'confidence': 0.9991854272588547}
2025-05-18 08:28:41,210 - app - INFO - 收到预测请求
2025-05-18 08:28:41,213 - app - INFO - 接收的数据: {'features': [0, 0, 0, 0, 0, 0, 0, 0, 0, 0, 0, 0, 0, 0, 0, 0, 0, 0, 0, 0, 0, 0, 0, 0, 0, 0, 0, 0, 0, 0, 0, 0, 0, 0, 0, 0]}
2025-05-18 08:28:41,214 - app - INFO - 特征数据已接收，准备预测
2025-05-18 08:28:41,214 - heamy.estimator - INFO - Loading LogisticRegression(645a05dd91a95a5dc7bbb040fb8faa02)'s prediction from cache.
2025-05-18 08:28:41,217 - app - INFO - 获取到预测结果: 0.0008145727411452962
2025-05-18 08:28:41,217 - app - INFO - 置信度: 0.9991854272588547
2025-05-18 08:28:41,217 - app - INFO - 发送响应: {'prediction': 'Not Scam', 'is_scam': 0, 'confidence': 0.9991854272588547}
2025-05-18 08:28:49,197 - app - INFO - 收到预测请求
2025-05-18 08:28:49,201 - app - INFO - 接收的数据: {'features': [0, 0, 0, 0, 0, 0, 0, 0, 0, 0, 0, 0, 0, 0, 0, 0, 0, 0, 0, 0, 0, 0, 0, 0, 0, 0, 0, 0, 0, 0, 0, 0, 0, 0, 0, 0]}
2025-05-18 08:28:49,201 - app - INFO - 特征数据已接收，准备预测
2025-05-18 08:28:49,202 - heamy.estimator - INFO - Loading LogisticRegression(645a05dd91a95a5dc7bbb040fb8faa02)'s prediction from cache.
2025-05-18 08:28:49,206 - app - INFO - 获取到预测结果: 0.0008145727411452962
2025-05-18 08:28:49,207 - app - INFO - 置信度: 0.9991854272588547
2025-05-18 08:28:49,207 - app - INFO - 发送响应: {'prediction': 'Not Scam', 'is_scam': 0, 'confidence': 0.9991854272588547}
2025-05-18 08:30:27,979 - app - INFO - 收到预测请求
2025-05-18 08:30:27,982 - app - INFO - 接收的数据: {'features': [0, 0, 0, 0, 0, 0, 0, 0, 0, 0, 0, 0, 0, 0, 0, 0, 0, 0, 0, 0, 0, 0, 0, 0, 0, 0, 0, 0, 0, 0, 0, 0, 0, 0, 0, 0]}
2025-05-18 08:30:27,982 - app - INFO - 特征数据已接收，准备预测
2025-05-18 08:30:27,983 - heamy.estimator - INFO - Loading LogisticRegression(645a05dd91a95a5dc7bbb040fb8faa02)'s prediction from cache.
2025-05-18 08:30:27,986 - app - INFO - 获取到预测结果: 0.0008145727411452962
2025-05-18 08:30:27,986 - app - INFO - 置信度: 0.9991854272588547
2025-05-18 08:30:27,986 - app - INFO - 发送响应: {'prediction': 'Not Scam', 'is_scam': 0, 'confidence': 0.9991854272588547}
2025-05-18 08:30:33,599 - app - INFO - 收到预测请求
2025-05-18 08:30:33,601 - app - INFO - 接收的数据: {'features': [0, 0, 0, 0, 0, 0, 0, 0, 0, 0, 0, 0, 0, 0, 0, 0, 0, 0, 0, 0, 0, 0, 0, 0, 0, 0, 0, 0, 0, 0, 0, 0, 0, 0, 0, 0]}
2025-05-18 08:30:33,601 - app - INFO - 特征数据已接收，准备预测
2025-05-18 08:30:33,602 - heamy.estimator - INFO - Loading LogisticRegression(645a05dd91a95a5dc7bbb040fb8faa02)'s prediction from cache.
2025-05-18 08:30:33,603 - app - INFO - 获取到预测结果: 0.0008145727411452962
2025-05-18 08:30:33,604 - app - INFO - 置信度: 0.9991854272588547
2025-05-18 08:30:33,604 - app - INFO - 发送响应: {'prediction': 'Not Scam', 'is_scam': 0, 'confidence': 0.9991854272588547}
2025-05-18 08:30:56,142 - app - INFO - 收到预测请求
2025-05-18 08:30:56,144 - app - INFO - 接收的数据: {'features': [0, 0, 0, 0, 0, 0, 0, 0, 0, 0, 0, 0, 0, 0, 0, 0, 0, 0, 0, 0, 0, 0, 0, 0, 0, 0, 0, 0, 0, 0, 0, 0, 0, 0, 0, 0]}
2025-05-18 08:30:56,144 - app - INFO - 特征数据已接收，准备预测
2025-05-18 08:30:56,145 - heamy.estimator - INFO - Loading LogisticRegression(645a05dd91a95a5dc7bbb040fb8faa02)'s prediction from cache.
2025-05-18 08:30:56,147 - app - INFO - 获取到预测结果: 0.0008145727411452962
2025-05-18 08:30:56,147 - app - INFO - 置信度: 0.9991854272588547
2025-05-18 08:30:56,147 - app - INFO - 发送响应: {'prediction': 'Not Scam', 'is_scam': 0, 'confidence': 0.9991854272588547}
2025-05-18 08:32:02,515 - app - INFO - 收到预测请求
2025-05-18 08:32:02,518 - app - INFO - 接收的数据: {'features': [0, 0, 0, 0, 0, 0, 0, 0, 0, 0, 0, 0, 0, 0, 0, 0, 0, 0, 0, 0, 0, 0, 0, 0, 0, 0, 0, 0, 0, 0, 0, 0, 0, 0, 0, 0]}
2025-05-18 08:32:02,519 - app - INFO - 特征数据已接收，准备预测
2025-05-18 08:32:02,519 - heamy.estimator - INFO - Loading LogisticRegression(645a05dd91a95a5dc7bbb040fb8faa02)'s prediction from cache.
2025-05-18 08:32:02,533 - app - INFO - 获取到预测结果: 0.0008145727411452962
2025-05-18 08:32:02,533 - app - INFO - 置信度: 0.9991854272588547
2025-05-18 08:32:02,534 - app - INFO - 发送响应: {'prediction': 'Not Scam', 'is_scam': 0, 'confidence': 0.9991854272588547}
2025-05-18 08:32:08,543 - app - INFO - 收到预测请求
2025-05-18 08:32:08,544 - app - INFO - 接收的数据: {'features': [0, 0, 0, 0, 0, 0, 0, 0, 0, 0, 0, 0, 0, 0, 0, 0, 0, 0, 0, 0, 0, 0, 0, 0, 0, 0, 0, 0, 0, 0, 0, 0, 0, 0, 0, 0]}
2025-05-18 08:32:08,545 - app - INFO - 特征数据已接收，准备预测
2025-05-18 08:32:08,546 - heamy.estimator - INFO - Loading LogisticRegression(645a05dd91a95a5dc7bbb040fb8faa02)'s prediction from cache.
2025-05-18 08:32:08,547 - app - INFO - 获取到预测结果: 0.0008145727411452962
2025-05-18 08:32:08,548 - app - INFO - 置信度: 0.9991854272588547
2025-05-18 08:32:08,549 - app - INFO - 发送响应: {'prediction': 'Not Scam', 'is_scam': 0, 'confidence': 0.9991854272588547}
2025-05-18 08:34:56,033 - app - INFO - 收到预测请求
2025-05-18 08:34:56,037 - app - INFO - 接收的数据: {'features': [0, 0, 0, 0, 0, 0, 0, 0, 0, 0, 0, 0, 0, 0, 0, 0, 0, 0, 0, 0, 0, 0, 0, 0, 0, 0, 0, 0, 0, 0, 0, 0, 0, 0, 0, 0]}
2025-05-18 08:34:56,038 - app - INFO - 特征数据已接收，准备预测
2025-05-18 08:34:56,038 - heamy.estimator - INFO - Loading LogisticRegression(645a05dd91a95a5dc7bbb040fb8faa02)'s prediction from cache.
2025-05-18 08:34:56,041 - app - INFO - 获取到预测结果: 0.0008145727411452962
2025-05-18 08:34:56,041 - app - INFO - 置信度: 0.9991854272588547
2025-05-18 08:34:56,042 - app - INFO - 发送响应: {'prediction': 'Not Scam', 'is_scam': 0, 'confidence': 0.9991854272588547}
2025-05-18 08:34:59,687 - app - INFO - 收到预测请求
2025-05-18 08:34:59,688 - app - INFO - 接收的数据: {'features': [0, 0, 0, 0, 0, 0, 0, 0, 0, 0, 0, 0, 0, 0, 0, 0, 0, 0, 0, 0, 0, 0, 0, 0, 0, 0, 0, 0, 0, 0, 0, 0, 0, 0, 0, 0]}
2025-05-18 08:34:59,688 - app - INFO - 特征数据已接收，准备预测
2025-05-18 08:34:59,688 - heamy.estimator - INFO - Loading LogisticRegression(645a05dd91a95a5dc7bbb040fb8faa02)'s prediction from cache.
2025-05-18 08:34:59,689 - app - INFO - 获取到预测结果: 0.0008145727411452962
2025-05-18 08:34:59,690 - app - INFO - 置信度: 0.9991854272588547
2025-05-18 08:34:59,690 - app - INFO - 发送响应: {'prediction': 'Not Scam', 'is_scam': 0, 'confidence': 0.9991854272588547}
2025-05-18 08:35:10,243 - app - INFO - 收到预测请求
2025-05-18 08:35:10,244 - app - INFO - 接收的数据: {'features': [0, 0, 0, 0, 0, 0, 0, 0, 0, 0, 0, 0, 0, 0, 0, 0, 0, 0, 0, 0, 0, 0, 0, 0, 0, 0, 0, 0, 0, 0, 0, 0, 0, 0, 0, 0]}
2025-05-18 08:35:10,245 - app - INFO - 特征数据已接收，准备预测
2025-05-18 08:35:10,246 - heamy.estimator - INFO - Loading LogisticRegression(645a05dd91a95a5dc7bbb040fb8faa02)'s prediction from cache.
2025-05-18 08:35:10,249 - app - INFO - 获取到预测结果: 0.0008145727411452962
2025-05-18 08:35:10,249 - app - INFO - 置信度: 0.9991854272588547
2025-05-18 08:35:10,250 - app - INFO - 发送响应: {'prediction': 'Not Scam', 'is_scam': 0, 'confidence': 0.9991854272588547}
2025-05-18 08:35:15,722 - app - INFO - 收到预测请求
2025-05-18 08:35:15,724 - app - INFO - 接收的数据: {'features': [0, 0, 0, 0, 0, 0, 0, 0, 0, 0, 0, 0, 0, 0, 0, 0, 0, 0, 0, 0, 0, 0, 0, 0, 0, 0, 0, 0, 0, 0, 0, 0, 0, 0, 0, 0]}
2025-05-18 08:35:15,725 - app - INFO - 特征数据已接收，准备预测
2025-05-18 08:35:15,726 - heamy.estimator - INFO - Loading LogisticRegression(645a05dd91a95a5dc7bbb040fb8faa02)'s prediction from cache.
2025-05-18 08:35:15,740 - app - INFO - 获取到预测结果: 0.0008145727411452962
2025-05-18 08:35:15,741 - app - INFO - 置信度: 0.9991854272588547
2025-05-18 08:35:15,741 - app - INFO - 发送响应: {'prediction': 'Not Scam', 'is_scam': 0, 'confidence': 0.9991854272588547}
2025-05-18 08:35:47,744 - app - INFO - 收到预测请求
2025-05-18 08:35:47,746 - app - INFO - 接收的数据: {'features': [0, 0, 0, 0, 0, 0, 0, 0, 0, 0, 0, 0, 0, 0, 0, 0, 0, 0, 0, 0, 0, 0, 0, 0, 0, 0, 0, 0, 0, 0, 0, 0, 0, 0, 0, 0]}
2025-05-18 08:35:47,747 - app - INFO - 特征数据已接收，准备预测
2025-05-18 08:35:47,748 - heamy.estimator - INFO - Loading LogisticRegression(645a05dd91a95a5dc7bbb040fb8faa02)'s prediction from cache.
2025-05-18 08:35:47,751 - app - INFO - 获取到预测结果: 0.0008145727411452962
2025-05-18 08:35:47,752 - app - INFO - 置信度: 0.9991854272588547
2025-05-18 08:35:47,752 - app - INFO - 发送响应: {'prediction': 'Not Scam', 'is_scam': 0, 'confidence': 0.9991854272588547}
2025-05-18 08:36:49,771 - app - INFO - 收到预测请求
2025-05-18 08:36:49,784 - app - INFO - 接收的数据: {'features': [0, 0, 0, 0, 0, 0, 0, 0, 0, 0, 0, 0, 0, 0, 0, 0, 0, 0, 0, 0, 0, 0, 0, 0, 0, 0, 0, 0, 0, 0, 0, 0, 0, 0, 0, 0]}
2025-05-18 08:36:49,785 - app - INFO - 特征数据已接收，准备预测
2025-05-18 08:36:49,787 - heamy.estimator - INFO - Loading LogisticRegression(645a05dd91a95a5dc7bbb040fb8faa02)'s prediction from cache.
2025-05-18 08:36:49,789 - app - INFO - 获取到预测结果: 0.0008145727411452962
2025-05-18 08:36:49,789 - app - INFO - 置信度: 0.9991854272588547
2025-05-18 08:36:49,790 - app - INFO - 发送响应: {'prediction': 'Not Scam', 'is_scam': 0, 'confidence': 0.9991854272588547}
2025-05-18 08:36:53,517 - app - INFO - 收到预测请求
2025-05-18 08:36:53,517 - app - INFO - 接收的数据: {'features': [0, 0, 0, 0, 0, 0, 0, 0, 0, 0, 0, 0, 0, 0, 0, 0, 0, 0, 0, 0, 0, 0, 0, 0, 0, 0, 0, 0, 0, 0, 0, 0, 0, 0, 0, 0]}
2025-05-18 08:36:53,518 - app - INFO - 特征数据已接收，准备预测
2025-05-18 08:36:53,518 - heamy.estimator - INFO - Loading LogisticRegression(645a05dd91a95a5dc7bbb040fb8faa02)'s prediction from cache.
2025-05-18 08:36:53,519 - app - INFO - 获取到预测结果: 0.0008145727411452962
2025-05-18 08:36:53,519 - app - INFO - 置信度: 0.9991854272588547
2025-05-18 08:36:53,520 - app - INFO - 发送响应: {'prediction': 'Not Scam', 'is_scam': 0, 'confidence': 0.9991854272588547}
2025-05-18 08:37:17,011 - app - INFO - 收到预测请求
2025-05-18 08:37:17,014 - app - INFO - 接收的数据: {'features': [0, 0, 0, 0, 0, 0, 0, 0, 0, 0, 0, 0, 0, 0, 0, 0, 0, 0, 0, 0, 0, 0, 0, 0, 0, 0, 0, 0, 0, 0, 0, 0, 0, 0, 0, 0]}
2025-05-18 08:37:17,015 - app - INFO - 特征数据已接收，准备预测
2025-05-18 08:37:17,016 - heamy.estimator - INFO - Loading LogisticRegression(645a05dd91a95a5dc7bbb040fb8faa02)'s prediction from cache.
2025-05-18 08:37:17,019 - app - INFO - 获取到预测结果: 0.0008145727411452962
2025-05-18 08:37:17,019 - app - INFO - 置信度: 0.9991854272588547
2025-05-18 08:37:17,020 - app - INFO - 发送响应: {'prediction': 'Not Scam', 'is_scam': 0, 'confidence': 0.9991854272588547}
2025-05-18 08:37:35,026 - app - INFO - 收到预测请求
2025-05-18 08:37:35,029 - app - INFO - 接收的数据: {'features': [0, 0, 0, 0, 0, 0, 0, 0, 0, 0, 0, 0, 0, 0, 0, 0, 0, 0, 0, 0, 0, 0, 0, 0, 0, 0, 0, 0, 0, 0, 0, 0, 0, 0, 0, 0]}
2025-05-18 08:37:35,029 - app - INFO - 特征数据已接收，准备预测
2025-05-18 08:37:35,030 - heamy.estimator - INFO - Loading LogisticRegression(645a05dd91a95a5dc7bbb040fb8faa02)'s prediction from cache.
2025-05-18 08:37:35,032 - app - INFO - 获取到预测结果: 0.0008145727411452962
2025-05-18 08:37:35,034 - app - INFO - 置信度: 0.9991854272588547
2025-05-18 08:37:35,034 - app - INFO - 发送响应: {'prediction': 'Not Scam', 'is_scam': 0, 'confidence': 0.9991854272588547}
2025-05-18 08:37:42,946 - app - INFO - 收到预测请求
2025-05-18 08:37:42,947 - app - INFO - 接收的数据: {'features': [0, 0, 0, 0, 0, 0, 0, 0, 0, 0, 0, 0, 0, 0, 0, 0, 0, 0, 0, 0, 0, 0, 0, 0, 0, 0, 0, 0, 0, 0, 0, 0, 0, 0, 0, 0]}
2025-05-18 08:37:42,948 - app - INFO - 特征数据已接收，准备预测
2025-05-18 08:37:42,948 - heamy.estimator - INFO - Loading LogisticRegression(645a05dd91a95a5dc7bbb040fb8faa02)'s prediction from cache.
2025-05-18 08:37:42,958 - app - INFO - 获取到预测结果: 0.0008145727411452962
2025-05-18 08:37:42,958 - app - INFO - 置信度: 0.9991854272588547
2025-05-18 08:37:42,959 - app - INFO - 发送响应: {'prediction': 'Not Scam', 'is_scam': 0, 'confidence': 0.9991854272588547}
2025-05-18 08:38:45,889 - app - INFO - 收到预测请求
2025-05-18 08:38:45,895 - app - INFO - 接收的数据: {'features': [0, 0, 0, 0, 0, 0, 0, 0, 0, 0, 0, 0, 0, 0, 0, 0, 0, 0, 0, 0, 0, 0, 0, 0, 0, 0, 0, 0, 0, 0, 0, 0, 0, 0, 0, 0]}
2025-05-18 08:38:45,895 - app - INFO - 特征数据已接收，准备预测
2025-05-18 08:38:45,897 - heamy.estimator - INFO - Loading LogisticRegression(645a05dd91a95a5dc7bbb040fb8faa02)'s prediction from cache.
2025-05-18 08:38:45,902 - app - INFO - 获取到预测结果: 0.0008145727411452962
2025-05-18 08:38:45,902 - app - INFO - 置信度: 0.9991854272588547
2025-05-18 08:38:45,903 - app - INFO - 发送响应: {'prediction': 'Not Scam', 'is_scam': 0, 'confidence': 0.9991854272588547}
2025-05-18 08:38:55,157 - app - INFO - 收到预测请求
2025-05-18 08:38:55,178 - app - INFO - 接收的数据: {'features': [0, 0, 0, 0, 0, 0, 0, 0, 0, 0, 0, 0, 0, 0, 0, 0, 0, 0, 0, 0, 0, 0, 0, 0, 0, 0, 0, 0, 0, 0, 0, 0, 0, 0, 0, 0]}
2025-05-18 08:38:55,179 - app - INFO - 特征数据已接收，准备预测
2025-05-18 08:38:55,180 - heamy.estimator - INFO - Loading LogisticRegression(645a05dd91a95a5dc7bbb040fb8faa02)'s prediction from cache.
2025-05-18 08:38:55,188 - app - INFO - 获取到预测结果: 0.0008145727411452962
2025-05-18 08:38:55,188 - app - INFO - 置信度: 0.9991854272588547
2025-05-18 08:38:55,188 - app - INFO - 发送响应: {'prediction': 'Not Scam', 'is_scam': 0, 'confidence': 0.9991854272588547}
2025-05-18 08:41:31,322 - app - INFO - 收到预测请求
2025-05-18 08:41:31,327 - app - INFO - 接收的数据: {'features': [0, 0, 0, 0, 0, 0, 0, 0, 0, 0, 0, 0, 0, 0, 0, 0, 0, 0, 0, 0, 0, 0, 0, 0, 0, 0, 0, 0, 0, 0, 0, 0, 0, 0, 0, 0]}
2025-05-18 08:41:31,328 - app - INFO - 特征数据已接收，准备预测
2025-05-18 08:41:31,328 - heamy.estimator - INFO - Loading LogisticRegression(645a05dd91a95a5dc7bbb040fb8faa02)'s prediction from cache.
2025-05-18 08:41:31,330 - app - INFO - 获取到预测结果: 0.0008145727411452962
2025-05-18 08:41:31,330 - app - INFO - 置信度: 0.9991854272588547
2025-05-18 08:41:31,331 - app - INFO - 发送响应: {'prediction': 'Not Scam', 'is_scam': 0, 'confidence': 0.9991854272588547}
2025-05-18 08:41:45,697 - app - INFO - 收到预测请求
2025-05-18 08:41:45,698 - app - INFO - 接收的数据: {'features': [0, 0, 0, 0, 0, 0, 0, 0, 0, 0, 0, 0, 0, 0, 0, 0, 0, 0, 0, 0, 0, 0, 0, 0, 0, 0, 0, 0, 0, 0, 0, 0, 0, 0, 0, 0]}
2025-05-18 08:41:45,698 - app - INFO - 特征数据已接收，准备预测
2025-05-18 08:41:45,699 - heamy.estimator - INFO - Loading LogisticRegression(645a05dd91a95a5dc7bbb040fb8faa02)'s prediction from cache.
2025-05-18 08:41:45,700 - app - INFO - 获取到预测结果: 0.0008145727411452962
2025-05-18 08:41:45,700 - app - INFO - 置信度: 0.9991854272588547
2025-05-18 08:41:45,701 - app - INFO - 发送响应: {'prediction': 'Not Scam', 'is_scam': 0, 'confidence': 0.9991854272588547}
2025-05-18 08:42:14,003 - app - INFO - 收到预测请求
2025-05-18 08:42:14,009 - app - INFO - 接收的数据: {'features': [2.5, 0.8, 5, 15, 1, 1, 0.9, 0.8, 0.9, 1, 5, 4, 0.4, 0.1, 0.95, 10, 0.1, 1, 5, 0.05, 800, 0.8, 3, 20, 5000, 0.9, 0.8, 0.1, 8, 1, 0.9, 5, 7, 0.9, 0.1, 1]}
2025-05-18 08:42:14,009 - app - INFO - 特征数据已接收，准备预测
2025-05-18 08:42:14,010 - heamy.estimator - INFO - Loading LogisticRegression(645a05dd91a95a5dc7bbb040fb8faa02)'s prediction from cache.
2025-05-18 08:42:14,012 - app - INFO - 获取到预测结果: 0.0008145727411452962
2025-05-18 08:42:14,012 - app - INFO - 置信度: 0.9991854272588547
2025-05-18 08:42:14,013 - app - INFO - 发送响应: {'prediction': 'Not Scam', 'is_scam': 0, 'confidence': 0.9991854272588547}
2025-05-18 08:42:17,197 - app - INFO - 收到预测请求
2025-05-18 08:42:17,198 - app - INFO - 接收的数据: {'features': [2.5, 0.8, 5, 15, 1, 1, 0.9, 0.8, 0.9, 1, 5, 4, 0.4, 0.1, 0.95, 10, 0.1, 1, 5, 0.05, 800, 0.8, 3, 20, 5000, 0.9, 0.8, 0.1, 8, 1, 0.9, 5, 7, 0.9, 0.1, 1]}
2025-05-18 08:42:17,199 - app - INFO - 特征数据已接收，准备预测
2025-05-18 08:42:17,199 - heamy.estimator - INFO - Loading LogisticRegression(645a05dd91a95a5dc7bbb040fb8faa02)'s prediction from cache.
2025-05-18 08:42:17,201 - app - INFO - 获取到预测结果: 0.0008145727411452962
2025-05-18 08:42:17,202 - app - INFO - 置信度: 0.9991854272588547
2025-05-18 08:42:17,203 - app - INFO - 发送响应: {'prediction': 'Not Scam', 'is_scam': 0, 'confidence': 0.9991854272588547}
2025-05-18 08:42:19,574 - app - INFO - 收到预测请求
2025-05-18 08:42:19,575 - app - INFO - 接收的数据: {'features': [2.5, 0.8, 5, 15, 1, 1, 0.9, 0.8, 0.9, 1, 5, 4, 0.4, 0.1, 0.95, 10, 0.1, 1, 5, 0.05, 800, 0.8, 3, 20, 5000, 0.9, 0.8, 0.1, 8, 1, 0.9, 5, 7, 0.9, 0.1, 1]}
2025-05-18 08:42:19,576 - app - INFO - 特征数据已接收，准备预测
2025-05-18 08:42:19,576 - heamy.estimator - INFO - Loading LogisticRegression(645a05dd91a95a5dc7bbb040fb8faa02)'s prediction from cache.
2025-05-18 08:42:19,577 - app - INFO - 获取到预测结果: 0.0008145727411452962
2025-05-18 08:42:19,577 - app - INFO - 置信度: 0.9991854272588547
2025-05-18 08:42:19,577 - app - INFO - 发送响应: {'prediction': 'Not Scam', 'is_scam': 0, 'confidence': 0.9991854272588547}
